# JRE version: OpenJDK Runtime Environment (17.0.6) (build 17.0.6+0-b2043.56-9586694)
# Java VM: OpenJDK 64-Bit Server VM (17.0.6+0-b2043.56-9586694, mixed mode, tiered, compressed oops, compressed class ptrs, g1 gc, windows-amd64)
GC Precious Log:
 CPUs: 12 total, 12 available
 Memory: 16281M
 Large Page Support: Disabled
 NUMA Support: Disabled
 Compressed Oops: Enabled (Zero based)
 Heap Region Size: 2M
 Heap Min Capacity: 8M
 Heap Initial Capacity: 256M
 Heap Max Capacity: 4072M
 Pre-touch: Disabled
 Parallel Workers: 10
 Concurrent Workers: 3
 Concurrent Refinement Workers: 10
 Periodic GC: Disabled
Heap:
 garbage-first heap   total 315392K, used 107195K [0x0000000701800000, 0x0000000800000000)
  region size 2048K, 10 young (20480K), 3 survivors (6144K)
 Metaspace       used 64774K, committed 65088K, reserved 1114112K
  class space    used 7542K, committed 7680K, reserved 1048576K
GC Heap History (20 events):
Event: 7.047 GC heap before
{Heap before GC invocations=12 (full 0):
 garbage-first heap   total 110592K, used 77754K [0x0000000701800000, 0x0000000800000000)
  region size 2048K, 21 young (43008K), 4 survivors (8192K)
 Metaspace       used 55442K, committed 55680K, reserved 1097728K
  class space    used 6735K, committed 6848K, reserved 1048576K
}
Event: 7.057 GC heap after
{Heap after GC invocations=13 (full 0):
 garbage-first heap   total 110592K, used 44784K [0x0000000701800000, 0x0000000800000000)
  region size 2048K, 2 young (4096K), 2 survivors (4096K)
 Metaspace       used 55442K, committed 55680K, reserved 1097728K
  class space    used 6735K, committed 6848K, reserved 1048576K
}
Event: 7.697 GC heap before
{Heap before GC invocations=13 (full 0):
 garbage-first heap   total 110592K, used 81648K [0x0000000701800000, 0x0000000800000000)
  region size 2048K, 20 young (40960K), 2 survivors (4096K)
 Metaspace       used 58265K, committed 58560K, reserved 1105920K
  class space    used 6982K, committed 7104K, reserved 1048576K
}
Event: 7.716 GC heap after
{Heap after GC invocations=14 (full 0):
 garbage-first heap   total 110592K, used 53359K [0x0000000701800000, 0x0000000800000000)
  region size 2048K, 3 young (6144K), 3 survivors (6144K)
 Metaspace       used 58265K, committed 58560K, reserved 1105920K
  class space    used 6982K, committed 7104K, reserved 1048576K
}
Event: 8.000 GC heap before
{Heap before GC invocations=14 (full 0):
 garbage-first heap   total 110592K, used 65647K [0x0000000701800000, 0x0000000800000000)
  region size 2048K, 10 young (20480K), 3 survivors (6144K)
 Metaspace       used 60243K, committed 60480K, reserved 1105920K
  class space    used 7166K, committed 7296K, reserved 1048576K
}
Event: 8.014 GC heap after
{Heap after GC invocations=15 (full 0):
 garbage-first heap   total 133120K, used 56259K [0x0000000701800000, 0x0000000800000000)
  region size 2048K, 2 young (4096K), 2 survivors (4096K)
 Metaspace       used 60243K, committed 60480K, reserved 1105920K
  class space    used 7166K, committed 7296K, reserved 1048576K
}
Event: 8.817 GC heap before
{Heap before GC invocations=16 (full 0):
 garbage-first heap   total 133120K, used 99267K [0x0000000701800000, 0x0000000800000000)
  region size 2048K, 22 young (45056K), 2 survivors (4096K)
 Metaspace       used 61759K, committed 62080K, reserved 1105920K
  class space    used 7273K, committed 7424K, reserved 1048576K
}
Event: 8.829 GC heap after
{Heap after GC invocations=17 (full 0):
 garbage-first heap   total 133120K, used 67926K [0x0000000701800000, 0x0000000800000000)
  region size 2048K, 3 young (6144K), 3 survivors (6144K)
 Metaspace       used 61759K, committed 62080K, reserved 1105920K
  class space    used 7273K, committed 7424K, reserved 1048576K
}
Event: 9.212 GC heap before
{Heap before GC invocations=17 (full 0):
 garbage-first heap   total 133120K, used 98646K [0x0000000701800000, 0x0000000800000000)
  region size 2048K, 18 young (36864K), 3 survivors (6144K)
 Metaspace       used 62656K, committed 62976K, reserved 1105920K
  class space    used 7331K, committed 7488K, reserved 1048576K
}
Event: 9.223 GC heap after
{Heap after GC invocations=18 (full 0):
 garbage-first heap   total 133120K, used 75260K [0x0000000701800000, 0x0000000800000000)
  region size 2048K, 3 young (6144K), 3 survivors (6144K)
 Metaspace       used 62656K, committed 62976K, reserved 1105920K
  class space    used 7331K, committed 7488K, reserved 1048576K
}
Event: 9.463 GC heap before
{Heap before GC invocations=19 (full 0):
 garbage-first heap   total 137216K, used 99836K [0x0000000701800000, 0x0000000800000000)
  region size 2048K, 15 young (30720K), 3 survivors (6144K)
 Metaspace       used 62836K, committed 63168K, reserved 1105920K
  class space    used 7341K, committed 7488K, reserved 1048576K
}
Event: 9.472 GC heap after
{Heap after GC invocations=20 (full 0):
 garbage-first heap   total 137216K, used 79940K [0x0000000701800000, 0x0000000800000000)
  region size 2048K, 2 young (4096K), 2 survivors (4096K)
 Metaspace       used 62836K, committed 63168K, reserved 1105920K
  class space    used 7341K, committed 7488K, reserved 1048576K
}
Event: 9.755 GC heap before
{Heap before GC invocations=20 (full 0):
 garbage-first heap   total 137216K, used 106564K [0x0000000701800000, 0x0000000800000000)
  region size 2048K, 15 young (30720K), 2 survivors (4096K)
 Metaspace       used 64243K, committed 64640K, reserved 1105920K
  class space    used 7516K, committed 7680K, reserved 1048576K
}
Event: 9.763 GC heap after
{Heap after GC invocations=21 (full 0):
 garbage-first heap   total 137216K, used 85202K [0x0000000701800000, 0x0000000800000000)
  region size 2048K, 2 young (4096K), 2 survivors (4096K)
 Metaspace       used 64243K, committed 64640K, reserved 1105920K
  class space    used 7516K, committed 7680K, reserved 1048576K
}
Event: 10.021 GC heap before
{Heap before GC invocations=22 (full 0):
 garbage-first heap   total 157696K, used 107730K [0x0000000701800000, 0x0000000800000000)
  region size 2048K, 13 young (26624K), 2 survivors (4096K)
 Metaspace       used 64482K, committed 64832K, reserved 1105920K
  class space    used 7528K, committed 7680K, reserved 1048576K
}
Event: 10.031 GC heap after
{Heap after GC invocations=23 (full 0):
 garbage-first heap   total 157696K, used 89277K [0x0000000701800000, 0x0000000800000000)
  region size 2048K, 2 young (4096K), 2 survivors (4096K)
 Metaspace       used 64482K, committed 64832K, reserved 1105920K
  class space    used 7528K, committed 7680K, reserved 1048576K
}
Event: 10.046 GC heap before
{Heap before GC invocations=23 (full 0):
 garbage-first heap   total 157696K, used 91325K [0x0000000701800000, 0x0000000800000000)
  region size 2048K, 3 young (6144K), 2 survivors (4096K)
 Metaspace       used 64488K, committed 64832K, reserved 1105920K
  class space    used 7528K, committed 7680K, reserved 1048576K
}
Event: 10.053 GC heap after
{Heap after GC invocations=24 (full 0):
 garbage-first heap   total 157696K, used 90415K [0x0000000701800000, 0x0000000800000000)
  region size 2048K, 1 young (2048K), 1 survivors (2048K)
 Metaspace       used 64488K, committed 64832K, reserved 1105920K
  class space    used 7528K, committed 7680K, reserved 1048576K
}
Event: 10.225 GC heap before
{Heap before GC invocations=24 (full 0):
 garbage-first heap   total 157696K, used 123183K [0x0000000701800000, 0x0000000800000000)
  region size 2048K, 17 young (34816K), 1 survivors (2048K)
 Metaspace       used 64675K, committed 65024K, reserved 1105920K
  class space    used 7533K, committed 7680K, reserved 1048576K
}
Event: 10.232 GC heap after
{Heap after GC invocations=25 (full 0):
 garbage-first heap   total 315392K, used 94907K [0x0000000701800000, 0x0000000800000000)
  region size 2048K, 3 young (6144K), 3 survivors (6144K)
 Metaspace       used 64675K, committed 65024K, reserved 1105920K
  class space    used 7533K, committed 7680K, reserved 1048576K
}

